<?xml version="1.0" encoding="UTF-8"?>
<!-- Generated by org.testng.reporters.JUnitReportReporter -->
<testsuite hostname="DESKTOP-4QAJST1" failures="0" tests="2" name="qaclickacademy.Mavenjava.Selenium" time="0.015" errors="0" timestamp="2020-05-31T20:06:11 IST" skipped="0">
  <testcase classname="qaclickacademy.Mavenjava.Selenium" name="selenium2" time="0.002"/>
  <system-out/>
  <testcase classname="qaclickacademy.Mavenjava.Selenium" name="selenium1" time="0.013"/>
  <system-out/>
</testsuite> <!-- qaclickacademy.Mavenjava.Selenium -->
