<?xml version="1.0" encoding="UTF-8"?>
<!-- Generated by org.testng.reporters.JUnitReportReporter -->
<testsuite hostname="DESKTOP-4QAJST1" failures="0" tests="2" name="qaclickacademy.Mavenjava.AppiumTest" time="0.001" errors="0" timestamp="2020-05-31T20:48:22 IST" skipped="0">
  <testcase classname="qaclickacademy.Mavenjava.AppiumTest" name="appium2" time="0.001"/>
  <system-out/>
  <testcase classname="qaclickacademy.Mavenjava.AppiumTest" name="appium1" time="0.000"/>
  <system-out/>
</testsuite> <!-- qaclickacademy.Mavenjava.AppiumTest -->
